<?xml version="1.0" encoding="UTF-8"?>
<!-- Generated by org.testng.reporters.JUnitReportReporter -->
<testsuite hostname="ashleys-mbp.turner.com" name="unitTests.PageClassTests" tests="1" failures="0" timestamp="7 Jul 2017 16:57:54 GMT" time="3.572" errors="0">
  <testcase name="verifyFindOptionInListAndSelectIt_OptionAvailable_Jquery" time="3.572" classname="unitTests.PageClassTests"/>
</testsuite>
