<?xml version="1.0" encoding="UTF-8"?>
<!-- Generated by org.testng.reporters.JUnitReportReporter -->
<testsuite hostname="ashleys-mbp.turner.com" name="unitTests.seleniumHelperTests.TextTests" tests="23" failures="0" timestamp="7 Jul 2017 16:49:06 GMT" time="111.569" errors="0">
  <testcase name="verifyGetWebElementAttribute" time="4.885" classname="unitTests.seleniumHelperTests.TextTests"/>
  <testcase name="verifyGetTextInTextFieldViaJavascript_ClassName" time="4.583" classname="unitTests.seleniumHelperTests.TextTests"/>
  <testcase name="verifyGetTextInTextFieldViaJavascript_TagName" time="4.783" classname="unitTests.seleniumHelperTests.TextTests"/>
  <testcase name="verfifyIsTextDisplayedInSpecifiedElement_PredefinedElement_ThrowsException" time="4.908" classname="unitTests.seleniumHelperTests.TextTests"/>
  <testcase name="verifyGetWebElementAttribute_ElementPredefined_AttributeNotPresent" time="4.799" classname="unitTests.seleniumHelperTests.TextTests"/>
  <testcase name="verifyDoesAttributeContainTheExpectedValue_AttributeDoesNotContainValue" time="5.434" classname="unitTests.seleniumHelperTests.TextTests"/>
  <testcase name="verifyGetTextInTextFieldViaJavascript_Name" time="4.975" classname="unitTests.seleniumHelperTests.TextTests"/>
  <testcase name="verifyDoesAttributeContainTheExpectedValue_NullValue" time="4.948" classname="unitTests.seleniumHelperTests.TextTests"/>
  <testcase name="verifyGetTextInTextFieldViaJavascript_CharsInCssSelectorString" time="4.701" classname="unitTests.seleniumHelperTests.TextTests"/>
  <testcase name="verfifyIsTextDisplayedInSpecifiedElement_PredefinedElement_TextIsDisplayed" time="4.714" classname="unitTests.seleniumHelperTests.TextTests"/>
  <testcase name="verifyGetTextFromWebElement_PreDefinedElement_WebElementIsNull" time="5.169" classname="unitTests.seleniumHelperTests.TextTests"/>
  <testcase name="verifyDoesAttributeContainTheExpectedValue_AttributeContainsValue" time="4.849" classname="unitTests.seleniumHelperTests.TextTests"/>
  <testcase name="verifyDoesAttributeContainTheExpectedValue_ExceptionThrown" time="4.768" classname="unitTests.seleniumHelperTests.TextTests"/>
  <testcase name="verfifyIsTextDisplayedInSpecifiedElement_ThrowsException" time="4.886" classname="unitTests.seleniumHelperTests.TextTests"/>
  <testcase name="verifyGetWebElementAttribute_ElementPredefined" time="4.021" classname="unitTests.seleniumHelperTests.TextTests"/>
  <testcase name="verifyGetWebElementAttribute_AttributeNotPresent" time="4.787" classname="unitTests.seleniumHelperTests.TextTests"/>
  <testcase name="verfifyIsTextDisplayedInSpecifiedElement_PredefinedElement_TextIsNotDisplayed" time="4.816" classname="unitTests.seleniumHelperTests.TextTests"/>
  <testcase name="verifyGetTextInTextFieldViaJavascript_DefaultCase" time="5.031" classname="unitTests.seleniumHelperTests.TextTests"/>
  <testcase name="verifyGetWebElementAttribute_ExceptionThrown" time="4.735" classname="unitTests.seleniumHelperTests.TextTests"/>
  <testcase name="verifyIsAnyTextDisplayedInElement_ElementContainsText" time="4.472" classname="unitTests.seleniumHelperTests.TextTests"/>
  <testcase name="verifyGetTextInTextFieldViaJavascript_Id" time="4.959" classname="unitTests.seleniumHelperTests.TextTests"/>
  <testcase name="verifyGetWebElementAttribute_ElementPredefined_ExceptionThrown" time="5.522" classname="unitTests.seleniumHelperTests.TextTests"/>
  <testcase name="verifyIsAnyTextDisplayedInElement_ElementDoesntContainText" time="4.824" classname="unitTests.seleniumHelperTests.TextTests"/>
</testsuite>
