<?xml version="1.0" encoding="UTF-8"?>
<!-- Generated by org.testng.reporters.JUnitReportReporter -->
<testsuite hostname="ashleys-mbp.turner.com" name="unitTests.seleniumHelperTests.EnterTests" tests="4" failures="0" timestamp="7 Jul 2017 16:49:06 GMT" time="15.648" errors="0">
  <testcase name="verifyClear_ExceptionThrown" time="3.048" classname="unitTests.seleniumHelperTests.EnterTests"/>
  <testcase name="verifySendKeys_ExceptionThrown" time="3.077" classname="unitTests.seleniumHelperTests.EnterTests"/>
  <testcase name="verifyClear_ElementPreDefined_ExceptionThrown" time="4.774" classname="unitTests.seleniumHelperTests.EnterTests"/>
  <testcase name="verifySendKeys_ElementPreDefined_ExceptionThrown" time="4.749" classname="unitTests.seleniumHelperTests.EnterTests"/>
</testsuite>
