<?xml version="1.0" encoding="UTF-8"?>
<!-- Generated by org.testng.reporters.JUnitReportReporter -->
<testsuite hostname="ashleys-mbp.turner.com" name="unitTests.UtilsTests" tests="8" failures="0" timestamp="22 Feb 2017 18:16:58 GMT" time="0.100" errors="0">
  <testcase name="verifyGetTotalPassNumber_TotalFailsNotZero" time="0.002" classname="unitTests.UtilsTests"/>
  <testcase name="verifyGetTimeStamp" time="0.002" classname="unitTests.UtilsTests"/>
  <testcase name="verifyFrameworkConstants" time="0.001" classname="unitTests.UtilsTests"/>
  <testcase name="verifyGetTotalPassNumber_TotalFailsEqualsZero" time="0.001" classname="unitTests.UtilsTests"/>
  <testcase name="verifyTestSettings" time="0.002" classname="unitTests.UtilsTests"/>
  <testcase name="verifyTotalPassPercentage_TotalPassEqualToTotalTestCase" time="0.001" classname="unitTests.UtilsTests"/>
  <testcase name="verifyEncryptAndDecrypt" time="0.090" classname="unitTests.UtilsTests"/>
  <testcase name="verifyTotalPassPercentage_TotalPassNotEqualToTotalTestCase" time="0.001" classname="unitTests.UtilsTests"/>
</testsuite>
