<?xml version="1.0" encoding="UTF-8"?>
<!-- Generated by org.testng.reporters.JUnitReportReporter -->
<testsuite hostname="ashleys-mbp.turner.com" name="unitTests.seleniumHelperTests.BrowserTests" tests="18" failures="0" timestamp="7 Jul 2017 16:49:06 GMT" time="92.963" errors="0">
  <testcase name="verifySwitchToFrameByName" time="4.346" classname="unitTests.seleniumHelperTests.BrowserTests"/>
  <testcase name="verifySwitchToIFrame_PredefinedElement_ThrowsException" time="5.986" classname="unitTests.seleniumHelperTests.BrowserTests"/>
  <testcase name="verifySwitchToIFrame" time="4.983" classname="unitTests.seleniumHelperTests.BrowserTests"/>
  <testcase name="verifySwitchToFrameByName_ThrowsException" time="5.809" classname="unitTests.seleniumHelperTests.BrowserTests"/>
  <testcase name="verifyNavigateToUrl_ThrowsException" time="5.972" classname="unitTests.seleniumHelperTests.BrowserTests"/>
  <testcase name="verifySwitchToIFrame_ThrowsException" time="5.781" classname="unitTests.seleniumHelperTests.BrowserTests"/>
  <testcase name="verifyCloseOpenTabs" time="7.602" classname="unitTests.seleniumHelperTests.BrowserTests"/>
  <testcase name="verifyCloseOpenTabs_ThrowsException" time="3.904" classname="unitTests.seleniumHelperTests.BrowserTests"/>
  <testcase name="verifyWaitForWindowCount_ThrowsException" time="3.452" classname="unitTests.seleniumHelperTests.BrowserTests"/>
  <testcase name="verifySwitchToIFrame_PredefinedElement" time="5.909" classname="unitTests.seleniumHelperTests.BrowserTests"/>
  <testcase name="verifyNavigateToUrl" time="5.648" classname="unitTests.seleniumHelperTests.BrowserTests"/>
  <testcase name="verifyOpenNewTab_ThrowsException" time="5.383" classname="unitTests.seleniumHelperTests.BrowserTests"/>
  <testcase name="verifyWaitForWindowCount" time="4.731" classname="unitTests.seleniumHelperTests.BrowserTests"/>
  <testcase name="verifySwitchToDefaultContent_ThrowsException" time="4.101" classname="unitTests.seleniumHelperTests.BrowserTests"/>
  <testcase name="verifySwitchToNewWindow" time="4.940" classname="unitTests.seleniumHelperTests.BrowserTests"/>
  <testcase name="verifySwitchToDefaultContent" time="4.063" classname="unitTests.seleniumHelperTests.BrowserTests"/>
  <testcase name="verifySwitchToNewWindow_ThrowsException" time="5.191" classname="unitTests.seleniumHelperTests.BrowserTests"/>
  <testcase name="verifySwitchToUndefinedBrowserObject" time="5.162" classname="unitTests.seleniumHelperTests.BrowserTests"/>
</testsuite>
