<?xml version="1.0" encoding="UTF-8"?>
<!-- Generated by org.testng.reporters.JUnitReportReporter -->
<testsuite hostname="ashleys-mbp.turner.com" name="unitTests.UtilsTest" tests="2" failures="0" timestamp="7 Jul 2017 16:49:06 GMT" time="0.766" errors="0">
  <testcase name="verifyEncryptAndDecrypt" time="0.505" classname="unitTests.UtilsTest"/>
  <testcase name="verifyGetTimeStamp" time="0.261" classname="unitTests.UtilsTest"/>
</testsuite>
