<?xml version="1.0" encoding="UTF-8"?>
<!-- Generated by org.testng.reporters.JUnitReportReporter -->
<testsuite hostname="ashleys-mbp.turner.com" name="unitTests.seleniumHelperTests.PageTests" tests="6" failures="0" timestamp="7 Jul 2017 16:49:06 GMT" time="26.601" errors="0">
  <testcase name="verifyScrollToTopOfPage_ThrowsException" time="4.102" classname="unitTests.seleniumHelperTests.PageTests"/>
  <testcase name="verifyScrollToBottomOfPage_ThrowsException" time="4.055" classname="unitTests.seleniumHelperTests.PageTests"/>
  <testcase name="verifyRefreshThePage_ThrowsException" time="3.606" classname="unitTests.seleniumHelperTests.PageTests"/>
  <testcase name="verifyScrollToBottomOfPage" time="4.713" classname="unitTests.seleniumHelperTests.PageTests"/>
  <testcase name="verifyRefreshThePage" time="4.765" classname="unitTests.seleniumHelperTests.PageTests"/>
  <testcase name="verifyScrollToTopOfPage" time="5.360" classname="unitTests.seleniumHelperTests.PageTests"/>
</testsuite>
