<?xml version="1.0" encoding="UTF-8"?>
<!-- Generated by org.testng.reporters.JUnitReportReporter -->
<testsuite hostname="ashleys-mbp.turner.com" name="unitTests.seleniumHelperTests.ActionsTests" tests="18" failures="0" timestamp="7 Jul 2017 16:49:06 GMT" time="89.305" errors="0">
  <testcase name="verifyMouseOver_ExceptionThrown" time="4.767" classname="unitTests.seleniumHelperTests.ActionsTests"/>
  <testcase name="verifyScrollToElement_ThrowsException" time="4.237" classname="unitTests.seleniumHelperTests.ActionsTests"/>
  <testcase name="verifyDragAndDropElementToAnotherElement_ValuesNotNull" time="5.355" classname="unitTests.seleniumHelperTests.ActionsTests"/>
  <testcase name="verifySelectOptionFromDropDownMenu_ExceptionThrown" time="3.151" classname="unitTests.seleniumHelperTests.ActionsTests"/>
  <testcase name="verifyMoveToElement_ThrowsException" time="3.598" classname="unitTests.seleniumHelperTests.ActionsTests"/>
  <testcase name="verifyMoveToElement" time="4.127" classname="unitTests.seleniumHelperTests.ActionsTests"/>
  <testcase name="verifyDragAndDropElementToAnotherElement" time="6.088" classname="unitTests.seleniumHelperTests.ActionsTests"/>
  <testcase name="verifyDragAndDropViaSelenium_ThrowsException" time="5.459" classname="unitTests.seleniumHelperTests.ActionsTests"/>
  <testcase name="verifyDragAndDropViaSelenium" time="12.207" classname="unitTests.seleniumHelperTests.ActionsTests"/>
  <testcase name="verifyDragAndDropElementToAnotherElement_PredefinedElement" time="6.412" classname="unitTests.seleniumHelperTests.ActionsTests"/>
  <testcase name="verifyDragAndDropElementToAnotherElement_PredefinedElement_ThrowsException" time="4.180" classname="unitTests.seleniumHelperTests.ActionsTests"/>
  <testcase name="verifySelectOptionFromDropDownMenu" time="4.143" classname="unitTests.seleniumHelperTests.ActionsTests"/>
  <testcase name="verifyScrollToElement" time="3.149" classname="unitTests.seleniumHelperTests.ActionsTests"/>
  <testcase name="verifyMouseOver" time="3.856" classname="unitTests.seleniumHelperTests.ActionsTests"/>
  <testcase name="verifyScrollToElement_PredefinedElement" time="3.944" classname="unitTests.seleniumHelperTests.ActionsTests"/>
  <testcase name="verifyScrollToElement_PredefinedElement_ThrowsException" time="5.039" classname="unitTests.seleniumHelperTests.ActionsTests"/>
  <testcase name="verifyDragAndDropElementToAnotherElement_ThrowsException" time="4.628" classname="unitTests.seleniumHelperTests.ActionsTests"/>
  <testcase name="verifyDragAndDropElementToAnotherElement_PredefinedElement_ValuesNotNull" time="4.965" classname="unitTests.seleniumHelperTests.ActionsTests"/>
</testsuite>
