<?xml version="1.0" encoding="UTF-8"?>
<!-- Generated by org.testng.reporters.JUnitReportReporter -->
<testsuite hostname="ashleys-mbp.turner.com" name="unitTests.seleniumHelperTests.ClickTests" tests="14" failures="0" timestamp="7 Jul 2017 16:49:06 GMT" time="63.673" errors="0">
  <testcase name="verifyClickViaJQuery_IndexIsNumeric" time="5.324" classname="unitTests.seleniumHelperTests.ClickTests"/>
  <testcase name="verifyClickViaJQuery_IndexIsNotNull" time="5.052" classname="unitTests.seleniumHelperTests.ClickTests"/>
  <testcase name="verifyClick_ThrowsException" time="3.458" classname="unitTests.seleniumHelperTests.ClickTests"/>
  <testcase name="verifyClickViaJQuery_IndexIsNull" time="5.008" classname="unitTests.seleniumHelperTests.ClickTests"/>
  <testcase name="verifyClickViaJavascript_ID" time="4.913" classname="unitTests.seleniumHelperTests.ClickTests"/>
  <testcase name="verifyClickViaJavascript_CLASSNAME" time="4.624" classname="unitTests.seleniumHelperTests.ClickTests"/>
  <testcase name="verifyClickViaJavascript_CSSSELECTOR" time="4.597" classname="unitTests.seleniumHelperTests.ClickTests"/>
  <testcase name="verifyClickViaJavascript_TAGNAME" time="4.282" classname="unitTests.seleniumHelperTests.ClickTests"/>
  <testcase name="verifyClickViaJavascript_DEFAULT" time="4.678" classname="unitTests.seleniumHelperTests.ClickTests"/>
  <testcase name="verifyClick_ThrowsWebDriverException" time="3.741" classname="unitTests.seleniumHelperTests.ClickTests"/>
  <testcase name="verifyClickViaJavascript_NAME" time="3.542" classname="unitTests.seleniumHelperTests.ClickTests"/>
  <testcase name="verifyClickViaJQuery_IndexIsNumeric_ThrowsException" time="4.870" classname="unitTests.seleniumHelperTests.ClickTests"/>
  <testcase name="verifyClickViaJavascript_ExceptionThrown" time="3.730" classname="unitTests.seleniumHelperTests.ClickTests"/>
  <testcase name="verifyClick_PredefinedWebElement_ThrowsException" time="5.854" classname="unitTests.seleniumHelperTests.ClickTests"/>
</testsuite>
