<?xml version="1.0" encoding="UTF-8"?>
<!-- Generated by org.testng.reporters.JUnitReportReporter -->
<testsuite hostname="ashleys-mbp.turner.com" name="unitTests.SeleniumHelperTests" tests="125" failures="0" timestamp="22 Feb 2017 18:16:58 GMT" time="541.816" errors="0">
  <testcase name="verifyWaitForAttributeToEqualACertainValue_PredefinedElement_ExceptionThrown" time="4.252" classname="unitTests.SeleniumHelperTests"/>
  <testcase name="verifyDoesAttributeContainTheExpectedValue_ExceptionThrown" time="4.590" classname="unitTests.SeleniumHelperTests"/>
  <testcase name="verifyMouseOver" time="4.050" classname="unitTests.SeleniumHelperTests"/>
  <testcase name="verifyScrollToElement_PredefinedElement_ThrowsException" time="5.442" classname="unitTests.SeleniumHelperTests"/>
  <testcase name="verifyIsAttributePresentInElement_AttributeIsPresent" time="2.986" classname="unitTests.SeleniumHelperTests"/>
  <testcase name="getWebElement_Name" time="4.124" classname="unitTests.SeleniumHelperTests"/>
  <testcase name="verifyOpenANewTab_ThrowsException" time="3.730" classname="unitTests.SeleniumHelperTests"/>
  <testcase name="verifySelectOptionFromDropDownMenu" time="4.228" classname="unitTests.SeleniumHelperTests"/>
  <testcase name="getWebElement_LinkText" time="4.688" classname="unitTests.SeleniumHelperTests"/>
  <testcase name="verifyMoveToElement" time="4.554" classname="unitTests.SeleniumHelperTests"/>
  <testcase name="verifyGetWebElementAttribute" time="7.363" classname="unitTests.SeleniumHelperTests"/>
  <testcase name="verifyGetTextInTextFieldViaJavascript_ClassName" time="4.438" classname="unitTests.SeleniumHelperTests"/>
  <testcase name="verifyGetWebElementAttribute_AttributeNotPresent" time="3.983" classname="unitTests.SeleniumHelperTests"/>
  <testcase name="verifyWaitForAttributeToEqualACertainValue_PredefinedElement" time="3.534" classname="unitTests.SeleniumHelperTests"/>
  <testcase name="verifyFindWebElement_ThrowsException" time="3.500" classname="unitTests.SeleniumHelperTests"/>
  <testcase name="verifyClickViaJQuery_IndexIsNotNull" time="4.586" classname="unitTests.SeleniumHelperTests"/>
  <testcase name="verifySwitchToIFrame_PredefinedElement_ThrowsException" time="4.750" classname="unitTests.SeleniumHelperTests"/>
  <testcase name="verifyGetWebElementAttribute_ElementPredefined" time="4.872" classname="unitTests.SeleniumHelperTests"/>
  <testcase name="verifyIsAnyTextDisplayedInElement_ElementDoesntContainText" time="3.351" classname="unitTests.SeleniumHelperTests"/>
  <testcase name="verifyWaitForAttributeToContainACertainValue_ExceptionThrown" time="4.867" classname="unitTests.SeleniumHelperTests"/>
  <testcase name="verifyDoesAttributeContainTheExpectedValue_NullValue" time="4.550" classname="unitTests.SeleniumHelperTests"/>
  <testcase name="verifyDragAndDropElementToAnotherElement_PredefinedElement" time="5.914" classname="unitTests.SeleniumHelperTests"/>
  <testcase name="verifyDragAndDropViaSelenium_ThrowsException" time="4.588" classname="unitTests.SeleniumHelperTests"/>
  <testcase name="verifyScrollToBottomOfPage" time="4.999" classname="unitTests.SeleniumHelperTests"/>
  <testcase name="verifyClear_ExceptionThrown" time="3.473" classname="unitTests.SeleniumHelperTests"/>
  <testcase name="verifyNavigateToUrl_ThrowsException" time="3.247" classname="unitTests.SeleniumHelperTests"/>
  <testcase name="verfifyIsTextDisplayedInSpecifiedElement_PredefinedElement_TextIsDisplayed" time="3.921" classname="unitTests.SeleniumHelperTests"/>
  <testcase name="verfifyIsTextDisplayedInSpecifiedElement_TextIsDisplayed" time="3.629" classname="unitTests.SeleniumHelperTests"/>
  <testcase name="verifyScrollToElement_PredefinedElement" time="4.286" classname="unitTests.SeleniumHelperTests"/>
  <testcase name="verifyDragAndDropElementToAnotherElement_PredefinedElement_ValuesNotNull" time="6.518" classname="unitTests.SeleniumHelperTests"/>
  <testcase name="verifyWaitForWindowCount_ThrowsException" time="4.703" classname="unitTests.SeleniumHelperTests"/>
  <testcase name="verifyIsAnyTextDisplayedInElement_ElementContainsText" time="4.335" classname="unitTests.SeleniumHelperTests"/>
  <testcase name="verifyGetTextInTextFieldViaJavascript_TagName" time="3.437" classname="unitTests.SeleniumHelperTests"/>
  <testcase name="getWebElement_ClassName" time="4.301" classname="unitTests.SeleniumHelperTests"/>
  <testcase name="verifyWaitForPresenceOfElementLocated" time="3.786" classname="unitTests.SeleniumHelperTests"/>
  <testcase name="verifyClick_ThrowsException" time="3.467" classname="unitTests.SeleniumHelperTests"/>
  <testcase name="verifyIsAttributePresentInElement_AttributeIsNotPresent" time="4.713" classname="unitTests.SeleniumHelperTests"/>
  <testcase name="verifyGetTextFromWebElement_PreDefinedElement_WebElementIsNull" time="4.215" classname="unitTests.SeleniumHelperTests"/>
  <testcase name="verifyWaitForElementToBeInvisible_ThrowsException" time="4.797" classname="unitTests.SeleniumHelperTests"/>
  <testcase name="verifyClickViaJavascript_ID" time="4.670" classname="unitTests.SeleniumHelperTests"/>
  <testcase name="verifyGetWidthOfWebElement_ExceptionThrown" time="3.991" classname="unitTests.SeleniumHelperTests"/>
  <testcase name="verifyClear_ElementPreDefined_ExceptionThrown" time="6.545" classname="unitTests.SeleniumHelperTests"/>
  <testcase name="verifyClickViaJavascript_CSSSELECTOR" time="3.846" classname="unitTests.SeleniumHelperTests"/>
  <testcase name="verifyIsElementDisplayedInThePage_PreDefinedWebElement_ExcpetionThrown" time="3.356" classname="unitTests.SeleniumHelperTests"/>
  <testcase name="verifySwitchToNewWindow_ThrowsException" time="4.144" classname="unitTests.SeleniumHelperTests"/>
  <testcase name="verifySwitchToIFrame" time="4.342" classname="unitTests.SeleniumHelperTests"/>
  <testcase name="verifyGetTextInTextFieldViaJavascript_DefaultCase" time="5.198" classname="unitTests.SeleniumHelperTests"/>
  <testcase name="verifyGetElements_ExceptionThrown" time="3.206" classname="unitTests.SeleniumHelperTests"/>
  <testcase name="verifyClickViaJQuery_SelectorStringDoesNotContainChar" time="4.417" classname="unitTests.SeleniumHelperTests"/>
  <testcase name="waitForTextToExistInElement_ThrowsException" time="4.998" classname="unitTests.SeleniumHelperTests"/>
  <testcase name="validateEnums" time="3.646" classname="unitTests.SeleniumHelperTests"/>
  <testcase name="verifyDragAndDropElementToAnotherElement_ThrowsException" time="4.356" classname="unitTests.SeleniumHelperTests"/>
  <testcase name="verifyDoesAttributeContainTheExpectedValue_AttributeDoesNotContainValue" time="4.597" classname="unitTests.SeleniumHelperTests"/>
  <testcase name="verifyMouseOver_ExceptionThrown" time="5.098" classname="unitTests.SeleniumHelperTests"/>
  <testcase name="verifyScrollToElement_ThrowsException" time="4.510" classname="unitTests.SeleniumHelperTests"/>
  <testcase name="verifyWaitForElementToLoad_ExceptionThrown" time="5.031" classname="unitTests.SeleniumHelperTests"/>
  <testcase name="verifyClickViaJavascript_DEFAULT" time="4.558" classname="unitTests.SeleniumHelperTests"/>
  <testcase name="verfifyIsTextDisplayedInSpecifiedElement_ThrowsException" time="3.793" classname="unitTests.SeleniumHelperTests"/>
  <testcase name="verifyRefreshThePage_ThrowsException" time="3.725" classname="unitTests.SeleniumHelperTests"/>
  <testcase name="getWebElement_Default" time="3.731" classname="unitTests.SeleniumHelperTests"/>
  <testcase name="verifyIsAttributePresentInElement_ExcpetionThrown" time="5.075" classname="unitTests.SeleniumHelperTests"/>
  <testcase name="verifyWaitForElementToBeClickable_ThrowsException" time="4.686" classname="unitTests.SeleniumHelperTests"/>
  <testcase name="verifyDoesAttributeContainTheExpectedValue_AttributeContainsValue" time="3.708" classname="unitTests.SeleniumHelperTests"/>
  <testcase name="getWebElement_Xpath" time="3.605" classname="unitTests.SeleniumHelperTests"/>
  <testcase name="verifyDragAndDropViaSelenium" time="11.447" classname="unitTests.SeleniumHelperTests"/>
  <testcase name="verifyWaitForPageLoad_ThrowsException" time="4.209" classname="unitTests.SeleniumHelperTests"/>
  <testcase name="verifySendKeys_ElementPreDefined_ExceptionThrown" time="5.730" classname="unitTests.SeleniumHelperTests"/>
  <testcase name="verifyFindWebElements" time="3.890" classname="unitTests.SeleniumHelperTests"/>
  <testcase name="verifyWaitForOfElementLocated_ThrowsException" time="5.379" classname="unitTests.SeleniumHelperTests"/>
  <testcase name="verifyClickViaJavascript_NAME" time="3.427" classname="unitTests.SeleniumHelperTests"/>
  <testcase name="verifyClickViaJavascript_ExceptionThrown" time="3.868" classname="unitTests.SeleniumHelperTests"/>
  <testcase name="verifyGetWebElementAttribute_ElementPredefined_ExceptionThrown" time="4.600" classname="unitTests.SeleniumHelperTests"/>
  <testcase name="verifyDragAndDropElementToAnotherElement_ValuesNotNull" time="5.115" classname="unitTests.SeleniumHelperTests"/>
  <testcase name="verifySwitchToDefaultContent_ThrowsException" time="3.514" classname="unitTests.SeleniumHelperTests"/>
  <testcase name="getWebElement_TagName" time="3.816" classname="unitTests.SeleniumHelperTests"/>
  <testcase name="verifyWaitForElementToBeClickable" time="3.760" classname="unitTests.SeleniumHelperTests"/>
  <testcase name="verifyWaitForAttributeToDisappear" time="4.201" classname="unitTests.SeleniumHelperTests"/>
  <testcase name="verifySelectOptionFromDropDownMenu_ExceptionThrown" time="3.677" classname="unitTests.SeleniumHelperTests"/>
  <testcase name="verifyWaitForAttributeToEqualACertainValue" time="4.164" classname="unitTests.SeleniumHelperTests"/>
  <testcase name="verifySwitchToIFrame_PredefinedElement" time="5.003" classname="unitTests.SeleniumHelperTests"/>
  <testcase name="verifyIsElementPresent_ElementIsPresent" time="4.931" classname="unitTests.SeleniumHelperTests"/>
  <testcase name="verifySwitchToNewWindow" time="5.108" classname="unitTests.SeleniumHelperTests"/>
  <testcase name="verifySwitchToIFrame_ThrowsException" time="4.053" classname="unitTests.SeleniumHelperTests"/>
  <testcase name="getWebElement_PartialLinkText" time="2.298" classname="unitTests.SeleniumHelperTests"/>
  <testcase name="verfifyIsTextDisplayedInSpecifiedElement_TextIsNotDisplayed" time="3.970" classname="unitTests.SeleniumHelperTests"/>
  <testcase name="verifyScrollToElement" time="3.788" classname="unitTests.SeleniumHelperTests"/>
  <testcase name="verifyClick_PredefinedWebElement_ThrowsException" time="6.355" classname="unitTests.SeleniumHelperTests"/>
  <testcase name="verifyWaitForAttributeToEqualACertainValue_ExceptionThrown" time="5.381" classname="unitTests.SeleniumHelperTests"/>
  <testcase name="verifyGetWidthOfWebElement" time="3.583" classname="unitTests.SeleniumHelperTests"/>
  <testcase name="verifySendKeys_ExceptionThrown" time="2.928" classname="unitTests.SeleniumHelperTests"/>
  <testcase name="verfifyIsTextDisplayedInSpecifiedElement_PredefinedElement_TextIsNotDisplayed" time="4.020" classname="unitTests.SeleniumHelperTests"/>
  <testcase name="verifyScrollToBottomOfPage_ThrowsException" time="4.378" classname="unitTests.SeleniumHelperTests"/>
  <testcase name="verifyClickViaJQuery_IndexIsNull" time="3.717" classname="unitTests.SeleniumHelperTests"/>
  <testcase name="verifyClickViaJavascript_TAGNAME" time="3.047" classname="unitTests.SeleniumHelperTests"/>
  <testcase name="verifyDragAndDropElementToAnotherElement" time="5.736" classname="unitTests.SeleniumHelperTests"/>
  <testcase name="verifyClearAllTextByBackspacing_ElementPredefined_ExceptionThrown" time="5.340" classname="unitTests.SeleniumHelperTests"/>
  <testcase name="verfifyIsTextDisplayedInSpecifiedElement_PredefinedElement_ThrowsException" time="3.606" classname="unitTests.SeleniumHelperTests"/>
  <testcase name="getWebElement_CssSelector" time="3.885" classname="unitTests.SeleniumHelperTests"/>
  <testcase name="verifyOpenANewTab" time="3.665" classname="unitTests.SeleniumHelperTests"/>
  <testcase name="verifyGetWebElementAttribute_ElementPredefined_AttributeNotPresent" time="3.579" classname="unitTests.SeleniumHelperTests"/>
  <testcase name="verifyWaitForAttributeToDisappear_ThrowsException" time="5.450" classname="unitTests.SeleniumHelperTests"/>
  <testcase name="verifyWaitForAttributeToDisappear_PredefinedElement_ThrowsException" time="5.066" classname="unitTests.SeleniumHelperTests"/>
  <testcase name="verifySwitchToDefaultContent" time="4.562" classname="unitTests.SeleniumHelperTests"/>
  <testcase name="verifyClearAllTextByBackspacing_ExceptionThrown" time="4.399" classname="unitTests.SeleniumHelperTests"/>
  <testcase name="verifyGetWebElementAttribute_ExceptionThrown" time="4.119" classname="unitTests.SeleniumHelperTests"/>
  <testcase name="verifyClickViaJavascript_CLASSNAME" time="4.066" classname="unitTests.SeleniumHelperTests"/>
  <testcase name="getWebElement_SelectorStringIsNull" time="3.625" classname="unitTests.SeleniumHelperTests"/>
  <testcase name="getWebElement_ID" time="3.936" classname="unitTests.SeleniumHelperTests"/>
  <testcase name="verifyWaitForPageLoad" time="3.713" classname="unitTests.SeleniumHelperTests"/>
  <testcase name="verifyDragAndDropElementToAnotherElement_PredefinedElement_ThrowsException" time="3.673" classname="unitTests.SeleniumHelperTests"/>
  <testcase name="verifyGetTextInTextFieldViaJavascript_CharsInCssSelectorString" time="3.975" classname="unitTests.SeleniumHelperTests"/>
  <testcase name="verifyIsElementPresent_ElementIsNotPresent" time="3.750" classname="unitTests.SeleniumHelperTests"/>
  <testcase name="verifyWaitForAttributeToDisappear_PredefinedElement" time="2.493" classname="unitTests.SeleniumHelperTests"/>
  <testcase name="verifyGetTextInTextFieldViaJavascript_Id" time="3.464" classname="unitTests.SeleniumHelperTests"/>
  <testcase name="verifyClick_ThrowsWebDriverException" time="3.057" classname="unitTests.SeleniumHelperTests"/>
  <testcase name="verifyNavigateToUrl" time="6.814" classname="unitTests.SeleniumHelperTests"/>
  <testcase name="verifyWaitForWindowCount" time="3.111" classname="unitTests.SeleniumHelperTests"/>
  <testcase name="waitForTextToExistInElement" time="3.888" classname="unitTests.SeleniumHelperTests"/>
  <testcase name="verifyRefreshThePage" time="4.401" classname="unitTests.SeleniumHelperTests"/>
  <testcase name="verifyWaitForAttributeToContainACertainValue" time="3.440" classname="unitTests.SeleniumHelperTests"/>
  <testcase name="verifyMoveToElement_ThrowsException" time="3.312" classname="unitTests.SeleniumHelperTests"/>
  <testcase name="verifyGetTextInTextFieldViaJavascript_Name" time="4.298" classname="unitTests.SeleniumHelperTests"/>
  <testcase name="verifyFindWebElement" time="4.228" classname="unitTests.SeleniumHelperTests"/>
  <testcase name="verifyWaitForElementToBeInvisible" time="4.039" classname="unitTests.SeleniumHelperTests"/>
  <testcase name="verifyFindWebElements_ThrowsException" time="6.170" classname="unitTests.SeleniumHelperTests"/>
</testsuite>
