<?xml version="1.0" encoding="UTF-8"?>
<!-- Generated by org.testng.reporters.JUnitReportReporter -->
<testsuite hostname="ashleys-mbp.turner.com" name="unitTests.seleniumHelperTests.ElementTests" tests="20" failures="0" timestamp="7 Jul 2017 16:49:06 GMT" time="96.835" errors="0">
  <testcase name="verifyFindWebElement" time="5.004" classname="unitTests.seleniumHelperTests.ElementTests"/>
  <testcase name="getWebElement_PartialLinkText" time="5.211" classname="unitTests.seleniumHelperTests.ElementTests"/>
  <testcase name="getWebElement_Default" time="5.070" classname="unitTests.seleniumHelperTests.ElementTests"/>
  <testcase name="getWebElement_CssSelector" time="3.784" classname="unitTests.seleniumHelperTests.ElementTests"/>
  <testcase name="verifyIsElementPresent_ElementIsPresent" time="4.067" classname="unitTests.seleniumHelperTests.ElementTests"/>
  <testcase name="verifyFindWebElements_ThrowsException" time="5.676" classname="unitTests.seleniumHelperTests.ElementTests"/>
  <testcase name="getWebElement_SelectorStringIsNull" time="5.068" classname="unitTests.seleniumHelperTests.ElementTests"/>
  <testcase name="verifyIsAttributePresentInElement_AttributeIsNotPresent" time="4.841" classname="unitTests.seleniumHelperTests.ElementTests"/>
  <testcase name="verifyIsElementPresent_ElementIsNotPresent" time="5.521" classname="unitTests.seleniumHelperTests.ElementTests"/>
  <testcase name="getWebElement_ID" time="4.933" classname="unitTests.seleniumHelperTests.ElementTests"/>
  <testcase name="getWebElement_Xpath" time="4.846" classname="unitTests.seleniumHelperTests.ElementTests"/>
  <testcase name="verifyIsAttributePresentInElement_AttributeIsPresent" time="3.603" classname="unitTests.seleniumHelperTests.ElementTests"/>
  <testcase name="getWebElement_Name" time="4.826" classname="unitTests.seleniumHelperTests.ElementTests"/>
  <testcase name="verifyGetElements_ExceptionThrown" time="4.124" classname="unitTests.seleniumHelperTests.ElementTests"/>
  <testcase name="verifyFindWebElement_ThrowsException" time="4.837" classname="unitTests.seleniumHelperTests.ElementTests"/>
  <testcase name="getWebElement_ClassName" time="5.183" classname="unitTests.seleniumHelperTests.ElementTests"/>
  <testcase name="verifyFindWebElements" time="4.803" classname="unitTests.seleniumHelperTests.ElementTests"/>
  <testcase name="getWebElement_LinkText" time="4.845" classname="unitTests.seleniumHelperTests.ElementTests"/>
  <testcase name="getWebElement_TagName" time="5.016" classname="unitTests.seleniumHelperTests.ElementTests"/>
  <testcase name="verifyIsAttributePresentInElement_ExcpetionThrown" time="5.577" classname="unitTests.seleniumHelperTests.ElementTests"/>
</testsuite>
