<?xml version="1.0" encoding="UTF-8"?>
<!-- Generated by org.testng.reporters.JUnitReportReporter -->
<testsuite hostname="ashleys-mbp.turner.com" name="unitTests.seleniumHelperTests.WaitTests" tests="21" failures="0" timestamp="7 Jul 2017 16:49:06 GMT" time="102.800" errors="0">
  <testcase name="verifyWaitForElementToLoad_ExceptionThrown" time="5.301" classname="unitTests.seleniumHelperTests.WaitTests"/>
  <testcase name="verifyWaitForAttributeToDisappear_ThrowsException" time="6.058" classname="unitTests.seleniumHelperTests.WaitTests"/>
  <testcase name="verifyWaitForOfElementLocated_ThrowsException" time="6.424" classname="unitTests.seleniumHelperTests.WaitTests"/>
  <testcase name="verifyWaitForAttributeToContainACertainValue_ExceptionThrown" time="6.584" classname="unitTests.seleniumHelperTests.WaitTests"/>
  <testcase name="verifyWaitForAttributeToEqualACertainValue_PredefinedElement" time="4.477" classname="unitTests.seleniumHelperTests.WaitTests"/>
  <testcase name="verifyWaitForAttributeToEqualACertainValue_PredefinedElement_ExceptionThrown" time="4.933" classname="unitTests.seleniumHelperTests.WaitTests"/>
  <testcase name="verifyWaitForElementToBeClickable" time="4.219" classname="unitTests.seleniumHelperTests.WaitTests"/>
  <testcase name="verifyWaitForAttributeToDisappear_PredefinedElement" time="4.537" classname="unitTests.seleniumHelperTests.WaitTests"/>
  <testcase name="verifyWaitForAttributeToEqualACertainValue_ExceptionThrown" time="5.680" classname="unitTests.seleniumHelperTests.WaitTests"/>
  <testcase name="waitForTextToExistInElement_ThrowsException" time="4.104" classname="unitTests.seleniumHelperTests.WaitTests"/>
  <testcase name="verifyWaitForAttributeToContainACertainValue" time="4.463" classname="unitTests.seleniumHelperTests.WaitTests"/>
  <testcase name="verifyWaitForElementToBeClickable_ThrowsException" time="4.915" classname="unitTests.seleniumHelperTests.WaitTests"/>
  <testcase name="verifyWaitForElementToBeInvisible_ThrowsException" time="4.489" classname="unitTests.seleniumHelperTests.WaitTests"/>
  <testcase name="verifyWaitForAttributeToDisappear" time="4.374" classname="unitTests.seleniumHelperTests.WaitTests"/>
  <testcase name="verifyWaitForPageLoad" time="5.055" classname="unitTests.seleniumHelperTests.WaitTests"/>
  <testcase name="verifyWaitForAttributeToEqualACertainValue" time="4.301" classname="unitTests.seleniumHelperTests.WaitTests"/>
  <testcase name="waitForTextToExistInElement" time="4.246" classname="unitTests.seleniumHelperTests.WaitTests"/>
  <testcase name="verifyWaitForAttributeToDisappear_PredefinedElement_ThrowsException" time="5.629" classname="unitTests.seleniumHelperTests.WaitTests"/>
  <testcase name="verifyWaitForPageLoad_ThrowsException" time="4.998" classname="unitTests.seleniumHelperTests.WaitTests"/>
  <testcase name="verifyWaitForPresenceOfElementLocated" time="4.078" classname="unitTests.seleniumHelperTests.WaitTests"/>
  <testcase name="verifyWaitForElementToBeInvisible" time="3.935" classname="unitTests.seleniumHelperTests.WaitTests"/>
</testsuite>
